c:\users\faraz\desktop\runnergame vs project\dinogame\x64\release\vc142.pdb
c:\users\faraz\desktop\runnergame vs project\dinogame\x64\release\player.obj
c:\users\faraz\desktop\runnergame vs project\dinogame\x64\release\obstacle.obj
c:\users\faraz\desktop\runnergame vs project\dinogame\x64\release\map.obj
c:\users\faraz\desktop\runnergame vs project\dinogame\x64\release\manage.obj
c:\users\faraz\desktop\runnergame vs project\dinogame\x64\release\main.obj
c:\users\faraz\desktop\runnergame vs project\dinogame\x64\release\hud.obj
c:\users\faraz\desktop\runnergame vs project\dinogame\x64\release\animation.obj
c:\users\faraz\desktop\runnergame vs project\dinogame\x64\release\animatedsprite.obj
c:\users\faraz\desktop\runnergame vs project\x64\release\dinogame.ipdb
c:\users\faraz\desktop\runnergame vs project\x64\release\dinogame.iobj
c:\users\faraz\desktop\runnergame vs project\x64\release\dinogame.exe
c:\users\faraz\desktop\runnergame vs project\x64\release\dinogame.pdb
c:\users\faraz\desktop\runnergame vs project\dinogame\x64\release\dinogame.tlog\cl.command.1.tlog
c:\users\faraz\desktop\runnergame vs project\dinogame\x64\release\dinogame.tlog\cl.read.1.tlog
c:\users\faraz\desktop\runnergame vs project\dinogame\x64\release\dinogame.tlog\cl.write.1.tlog
c:\users\faraz\desktop\runnergame vs project\dinogame\x64\release\dinogame.tlog\dinogame.write.1u.tlog
c:\users\faraz\desktop\runnergame vs project\dinogame\x64\release\dinogame.tlog\link.command.1.tlog
c:\users\faraz\desktop\runnergame vs project\dinogame\x64\release\dinogame.tlog\link.read.1.tlog
c:\users\faraz\desktop\runnergame vs project\dinogame\x64\release\dinogame.tlog\link.write.1.tlog
